
*** Running vivado
    with args -log top.vds -m64 -product Vivado -mode batch -messageDb vivado.pb -notrace -source top.tcl



****** Vivado v2024.1 (64-bit)
  **** SW Build 5076996 on Wed May 22 18:37:14 MDT 2024
  **** IP Build 5075265 on Wed May 22 21:45:21 MDT 2024
  **** SharedData Build 5076995 on Wed May 22 18:29:18 MDT 2024
  **** Start of session at: Thu Sep 12 18:25:56 2024
    ** Copyright 1986-2022 Xilinx, Inc. All Rights Reserved.
    ** Copyright 2022-2024 Advanced Micro Devices, Inc. All Rights Reserved.

source top.tcl -notrace
create_project: Time (s): cpu = 00:00:09 ; elapsed = 00:00:11 . Memory (MB): peak = 497.363 ; gain = 200.422
Command: read_checkpoint -auto_incremental -incremental C:/Users/USER/Documents/contador_decimal/contador_decimal.srcs/utils_1/imports/synth_1/top.dcp
INFO: [Vivado 12-5825] Read reference checkpoint from C:/Users/USER/Documents/contador_decimal/contador_decimal.srcs/utils_1/imports/synth_1/top.dcp for incremental synthesis
INFO: [Vivado 12-7989] Please ensure there are no constraint changes
Command: synth_design -top top -part xc7a100tcsg324-1
Starting synth_design
Attempting to get a license for feature 'Synthesis' and/or device 'xc7a100t'
INFO: [Common 17-349] Got license for feature 'Synthesis' and/or device 'xc7a100t'
INFO: [Device 21-403] Loading part xc7a100tcsg324-1
INFO: [Device 21-9227] Part: xc7a100tcsg324-1 does not have CEAM library.
INFO: [Designutils 20-5440] No compile time benefit to using incremental synthesis; A full resynthesis will be run
INFO: [Designutils 20-4379] Flow is switching to default flow due to incremental criteria not met. If you would like to alter this behaviour and have the flow terminate instead, please set the following parameter config_implementation {autoIncr.Synth.RejectBehavior Terminate}
INFO: [Synth 8-7079] Multithreading enabled for synth_design using a maximum of 2 processes.
INFO: [Synth 8-7078] Launching helper process for spawning children vivado processes
INFO: [Synth 8-7075] Helper process launched with PID 14916
---------------------------------------------------------------------------------
Starting RTL Elaboration : Time (s): cpu = 00:00:08 ; elapsed = 00:00:08 . Memory (MB): peak = 1397.770 ; gain = 449.098
---------------------------------------------------------------------------------
INFO: [Synth 8-638] synthesizing module 'top' [C:/Users/USER/Documents/contador_decimal/contador_decimal.srcs/sources_1/imports/CS/top.vhd:13]
INFO: [Synth 8-638] synthesizing module 'debounce' [C:/Users/USER/Documents/contador_decimal/contador_decimal.srcs/sources_1/imports/CS/debounce.vhd:15]
	Parameter DELAY bound to: 750000 - type: integer 
INFO: [Synth 8-256] done synthesizing module 'debounce' (0#1) [C:/Users/USER/Documents/contador_decimal/contador_decimal.srcs/sources_1/imports/CS/debounce.vhd:15]
INFO: [Synth 8-638] synthesizing module 'clock_divider' [C:/Users/USER/Documents/contador_decimal/contador_decimal.srcs/sources_1/imports/CS/clock_divider.vhd:12]
INFO: [Synth 8-256] done synthesizing module 'clock_divider' (0#1) [C:/Users/USER/Documents/contador_decimal/contador_decimal.srcs/sources_1/imports/CS/clock_divider.vhd:12]
INFO: [Synth 8-638] synthesizing module 'fsm' [C:/Users/USER/Documents/contador_decimal/contador_decimal.srcs/sources_1/imports/CS/fsm_VIC.vhd:13]
INFO: [Synth 8-256] done synthesizing module 'fsm' (0#1) [C:/Users/USER/Documents/contador_decimal/contador_decimal.srcs/sources_1/imports/CS/fsm_VIC.vhd:13]
INFO: [Synth 8-638] synthesizing module 'time_counters' [C:/Users/USER/Documents/contador_decimal/contador_decimal.srcs/sources_1/imports/CS/time_counters.vhd:14]
INFO: [Synth 8-256] done synthesizing module 'time_counters' (0#1) [C:/Users/USER/Documents/contador_decimal/contador_decimal.srcs/sources_1/imports/CS/time_counters.vhd:14]
INFO: [Synth 8-638] synthesizing module 'counters_converter' [C:/Users/USER/Documents/contador_decimal/contador_decimal.srcs/sources_1/imports/CS/counters_converter.vhd:16]
INFO: [Synth 8-256] done synthesizing module 'counters_converter' (0#1) [C:/Users/USER/Documents/contador_decimal/contador_decimal.srcs/sources_1/imports/CS/counters_converter.vhd:16]
INFO: [Synth 8-638] synthesizing module 'dspl_drv_8dig' [C:/Users/USER/Documents/contador_decimal/contador_decimal.srcs/sources_1/imports/CS/dspl_drv_NexysA7.vhd:66]
INFO: [Synth 8-256] done synthesizing module 'dspl_drv_8dig' (0#1) [C:/Users/USER/Documents/contador_decimal/contador_decimal.srcs/sources_1/imports/CS/dspl_drv_NexysA7.vhd:66]
INFO: [Synth 8-6157] synthesizing module 'ila_0' [C:/Users/USER/Documents/contador_decimal/contador_decimal.runs/synth_1/.Xil/Vivado-12724-GUSTAVO-GAMER/realtime/ila_0_stub.v:6]
INFO: [Synth 8-6155] done synthesizing module 'ila_0' (0#1) [C:/Users/USER/Documents/contador_decimal/contador_decimal.runs/synth_1/.Xil/Vivado-12724-GUSTAVO-GAMER/realtime/ila_0_stub.v:6]
INFO: [Synth 8-256] done synthesizing module 'top' (0#1) [C:/Users/USER/Documents/contador_decimal/contador_decimal.srcs/sources_1/imports/CS/top.vhd:13]
INFO: [Synth 8-6071] Mark debug on the nets applies keep_hierarchy on instance 'ila_0'. This will prevent further optimization [C:/Users/USER/Documents/contador_decimal/contador_decimal.srcs/sources_1/imports/CS/top.vhd:196]
INFO: [Synth 8-6071] Mark debug on the nets applies keep_hierarchy on instance 'dspl_drv_inst'. This will prevent further optimization [C:/Users/USER/Documents/contador_decimal/contador_decimal.srcs/sources_1/imports/CS/top.vhd:180]
INFO: [Synth 8-6071] Mark debug on the nets applies keep_hierarchy on instance 'converter_second'. This will prevent further optimization [C:/Users/USER/Documents/contador_decimal/contador_decimal.srcs/sources_1/imports/CS/top.vhd:123]
INFO: [Synth 8-6071] Mark debug on the nets applies keep_hierarchy on instance 'converter_minute'. This will prevent further optimization [C:/Users/USER/Documents/contador_decimal/contador_decimal.srcs/sources_1/imports/CS/top.vhd:111]
INFO: [Synth 8-6071] Mark debug on the nets applies keep_hierarchy on instance 'converter_hour'. This will prevent further optimization [C:/Users/USER/Documents/contador_decimal/contador_decimal.srcs/sources_1/imports/CS/top.vhd:99]
INFO: [Synth 8-6071] Mark debug on the nets applies keep_hierarchy on instance 'converter_centsec'. This will prevent further optimization [C:/Users/USER/Documents/contador_decimal/contador_decimal.srcs/sources_1/imports/CS/top.vhd:87]
INFO: [Synth 8-6071] Mark debug on the nets applies keep_hierarchy on instance 'time_counters_inst'. This will prevent further optimization [C:/Users/USER/Documents/contador_decimal/contador_decimal.srcs/sources_1/imports/CS/top.vhd:75]
INFO: [Synth 8-6071] Mark debug on the nets applies keep_hierarchy on instance 'fsm_inst'. This will prevent further optimization [C:/Users/USER/Documents/contador_decimal/contador_decimal.srcs/sources_1/imports/CS/top.vhd:64]
INFO: [Synth 8-6071] Mark debug on the nets applies keep_hierarchy on instance 'clock_div_inst'. This will prevent further optimization [C:/Users/USER/Documents/contador_decimal/contador_decimal.srcs/sources_1/imports/CS/top.vhd:55]
INFO: [Synth 8-6071] Mark debug on the nets applies keep_hierarchy on instance 'debounce_start'. This will prevent further optimization [C:/Users/USER/Documents/contador_decimal/contador_decimal.srcs/sources_1/imports/CS/top.vhd:45]
INFO: [Synth 8-6071] Mark debug on the nets applies keep_hierarchy on instance 'debounce_split'. This will prevent further optimization [C:/Users/USER/Documents/contador_decimal/contador_decimal.srcs/sources_1/imports/CS/top.vhd:36]
INFO: [Synth 8-6071] Mark debug on the nets applies keep_hierarchy on instance 'debounce_stop'. This will prevent further optimization [C:/Users/USER/Documents/contador_decimal/contador_decimal.srcs/sources_1/imports/CS/top.vhd:27]
---------------------------------------------------------------------------------
Finished RTL Elaboration : Time (s): cpu = 00:00:10 ; elapsed = 00:00:11 . Memory (MB): peak = 1516.336 ; gain = 567.664
---------------------------------------------------------------------------------
---------------------------------------------------------------------------------
Start Handling Custom Attributes
---------------------------------------------------------------------------------
---------------------------------------------------------------------------------
Finished Handling Custom Attributes : Time (s): cpu = 00:00:10 ; elapsed = 00:00:11 . Memory (MB): peak = 1516.336 ; gain = 567.664
---------------------------------------------------------------------------------
---------------------------------------------------------------------------------
Finished RTL Optimization Phase 1 : Time (s): cpu = 00:00:10 ; elapsed = 00:00:11 . Memory (MB): peak = 1516.336 ; gain = 567.664
---------------------------------------------------------------------------------
Netlist sorting complete. Time (s): cpu = 00:00:00 ; elapsed = 00:00:00.013 . Memory (MB): peak = 1516.336 ; gain = 0.000
INFO: [Project 1-570] Preparing netlist for logic optimization

Processing XDC Constraints
Initializing timing engine
Parsing XDC File [c:/Users/USER/Documents/contador_decimal/contador_decimal.gen/sources_1/ip/ila_0/ila_0/ila_0_in_context.xdc] for cell 'ila_0'
Finished Parsing XDC File [c:/Users/USER/Documents/contador_decimal/contador_decimal.gen/sources_1/ip/ila_0/ila_0/ila_0_in_context.xdc] for cell 'ila_0'
Parsing XDC File [C:/Users/USER/Documents/contador_decimal/contador_decimal.srcs/constrs_1/imports/CS/Nexys-A7-100T.xdc]
Finished Parsing XDC File [C:/Users/USER/Documents/contador_decimal/contador_decimal.srcs/constrs_1/imports/CS/Nexys-A7-100T.xdc]
INFO: [Project 1-236] Implementation specific constraints were found while reading constraint file [C:/Users/USER/Documents/contador_decimal/contador_decimal.srcs/constrs_1/imports/CS/Nexys-A7-100T.xdc]. These constraints will be ignored for synthesis but will be used in implementation. Impacted constraints are listed in the file [.Xil/top_propImpl.xdc].
Resolution: To avoid this warning, move constraints listed in [.Xil/top_propImpl.xdc] to another XDC file and exclude this new file from synthesis with the used_in_synthesis property (File Properties dialog in GUI) and re-run elaboration/synthesis.
Completed Processing XDC Constraints

Netlist sorting complete. Time (s): cpu = 00:00:00 ; elapsed = 00:00:00 . Memory (MB): peak = 1563.637 ; gain = 0.000
INFO: [Project 1-111] Unisim Transformation Summary:
No Unisim elements were transformed.

Constraint Validation Runtime : Time (s): cpu = 00:00:00 ; elapsed = 00:00:00.011 . Memory (MB): peak = 1563.637 ; gain = 0.000
INFO: [Designutils 20-5440] No compile time benefit to using incremental synthesis; A full resynthesis will be run
INFO: [Designutils 20-4379] Flow is switching to default flow due to incremental criteria not met. If you would like to alter this behaviour and have the flow terminate instead, please set the following parameter config_implementation {autoIncr.Synth.RejectBehavior Terminate}
---------------------------------------------------------------------------------
Finished Constraint Validation : Time (s): cpu = 00:00:21 ; elapsed = 00:00:23 . Memory (MB): peak = 1563.637 ; gain = 614.965
---------------------------------------------------------------------------------
---------------------------------------------------------------------------------
Start Loading Part and Timing Information
---------------------------------------------------------------------------------
Loading part: xc7a100tcsg324-1
---------------------------------------------------------------------------------
Finished Loading Part and Timing Information : Time (s): cpu = 00:00:21 ; elapsed = 00:00:23 . Memory (MB): peak = 1563.637 ; gain = 614.965
---------------------------------------------------------------------------------
---------------------------------------------------------------------------------
Start Applying 'set_property' XDC Constraints
---------------------------------------------------------------------------------
Applied set_property KEEP_HIERARCHY = SOFT for ila_0. (constraint file  auto generated constraint).
---------------------------------------------------------------------------------
Finished applying 'set_property' XDC Constraints : Time (s): cpu = 00:00:21 ; elapsed = 00:00:23 . Memory (MB): peak = 1563.637 ; gain = 614.965
---------------------------------------------------------------------------------
INFO: [Synth 8-802] inferred FSM for state register 'state_reg' in module 'debounce'
INFO: [Synth 8-802] inferred FSM for state register 'EA_reg' in module 'fsm'
---------------------------------------------------------------------------------------------------
                   State |                     New Encoding |                Previous Encoding 
---------------------------------------------------------------------------------------------------
                  state1 |                              000 |                              000
                  state2 |                              001 |                              001
                  state3 |                              010 |                              010
                  state4 |                              011 |                              011
                  state5 |                              100 |                              100
---------------------------------------------------------------------------------------------------
INFO: [Synth 8-3354] encoded FSM with state register 'state_reg' using encoding 'sequential' in module 'debounce'
---------------------------------------------------------------------------------------------------
                   State |                     New Encoding |                Previous Encoding 
---------------------------------------------------------------------------------------------------
                 s_reset |                              000 |                              000
            s_start_high |                              001 |                              001
                 s_start |                              010 |                              010
             s_stop_high |                              011 |                              011
                  s_stop |                              100 |                              100
---------------------------------------------------------------------------------------------------
INFO: [Synth 8-3354] encoded FSM with state register 'EA_reg' using encoding 'sequential' in module 'fsm'
---------------------------------------------------------------------------------
Finished RTL Optimization Phase 2 : Time (s): cpu = 00:00:22 ; elapsed = 00:00:23 . Memory (MB): peak = 1563.637 ; gain = 614.965
---------------------------------------------------------------------------------
---------------------------------------------------------------------------------
Start RTL Component Statistics 
---------------------------------------------------------------------------------
Detailed RTL Component Info : 
+---Adders : 
	   2 Input   32 Bit       Adders := 2     
	   2 Input   16 Bit       Adders := 1     
	   2 Input    7 Bit       Adders := 4     
	   2 Input    3 Bit       Adders := 1     
+---Registers : 
	               32 Bit    Registers := 2     
	                8 Bit    Registers := 1     
	                7 Bit    Registers := 8     
	                6 Bit    Registers := 8     
	                5 Bit    Registers := 1     
	                4 Bit    Registers := 16    
	                3 Bit    Registers := 1     
	                1 Bit    Registers := 11    
+---Muxes : 
	   2 Input    7 Bit        Muxes := 8     
	   2 Input    6 Bit        Muxes := 16    
	   2 Input    4 Bit        Muxes := 32    
	   5 Input    3 Bit        Muxes := 4     
	   2 Input    3 Bit        Muxes := 11    
	   2 Input    1 Bit        Muxes := 11    
	   5 Input    1 Bit        Muxes := 5     
---------------------------------------------------------------------------------
Finished RTL Component Statistics 
---------------------------------------------------------------------------------
---------------------------------------------------------------------------------
Start Part Resource Summary
---------------------------------------------------------------------------------
Part Resources:
DSPs: 240 (col length:80)
BRAMs: 270 (col length: RAMB18 80 RAMB36 40)
---------------------------------------------------------------------------------
Finished Part Resource Summary
---------------------------------------------------------------------------------
---------------------------------------------------------------------------------
Start Cross Boundary and Area Optimization
---------------------------------------------------------------------------------
WARNING: [Synth 8-7080] Parallel synthesis criteria is not met
---------------------------------------------------------------------------------
Finished Cross Boundary and Area Optimization : Time (s): cpu = 00:00:30 ; elapsed = 00:00:32 . Memory (MB): peak = 1563.637 ; gain = 614.965
---------------------------------------------------------------------------------
---------------------------------------------------------------------------------
Start Applying XDC Timing Constraints
---------------------------------------------------------------------------------
---------------------------------------------------------------------------------
Finished Applying XDC Timing Constraints : Time (s): cpu = 00:00:38 ; elapsed = 00:00:40 . Memory (MB): peak = 1563.637 ; gain = 614.965
---------------------------------------------------------------------------------
---------------------------------------------------------------------------------
Start Timing Optimization
---------------------------------------------------------------------------------
---------------------------------------------------------------------------------
Finished Timing Optimization : Time (s): cpu = 00:00:38 ; elapsed = 00:00:40 . Memory (MB): peak = 1563.637 ; gain = 614.965
---------------------------------------------------------------------------------
---------------------------------------------------------------------------------
Start Technology Mapping
---------------------------------------------------------------------------------
---------------------------------------------------------------------------------
Finished Technology Mapping : Time (s): cpu = 00:00:39 ; elapsed = 00:00:40 . Memory (MB): peak = 1563.637 ; gain = 614.965
---------------------------------------------------------------------------------
---------------------------------------------------------------------------------
Start IO Insertion
---------------------------------------------------------------------------------
---------------------------------------------------------------------------------
Start Flattening Before IO Insertion
---------------------------------------------------------------------------------
---------------------------------------------------------------------------------
Finished Flattening Before IO Insertion
---------------------------------------------------------------------------------
---------------------------------------------------------------------------------
Start Final Netlist Cleanup
---------------------------------------------------------------------------------
---------------------------------------------------------------------------------
Finished Final Netlist Cleanup
---------------------------------------------------------------------------------
---------------------------------------------------------------------------------
Finished IO Insertion : Time (s): cpu = 00:00:46 ; elapsed = 00:00:48 . Memory (MB): peak = 1563.637 ; gain = 614.965
---------------------------------------------------------------------------------
---------------------------------------------------------------------------------
Start Renaming Generated Instances
---------------------------------------------------------------------------------
---------------------------------------------------------------------------------
Finished Renaming Generated Instances : Time (s): cpu = 00:00:46 ; elapsed = 00:00:48 . Memory (MB): peak = 1563.637 ; gain = 614.965
---------------------------------------------------------------------------------
---------------------------------------------------------------------------------
Start Rebuilding User Hierarchy
---------------------------------------------------------------------------------
---------------------------------------------------------------------------------
Finished Rebuilding User Hierarchy : Time (s): cpu = 00:00:46 ; elapsed = 00:00:48 . Memory (MB): peak = 1563.637 ; gain = 614.965
---------------------------------------------------------------------------------
---------------------------------------------------------------------------------
Start Renaming Generated Ports
---------------------------------------------------------------------------------
---------------------------------------------------------------------------------
Finished Renaming Generated Ports : Time (s): cpu = 00:00:46 ; elapsed = 00:00:48 . Memory (MB): peak = 1563.637 ; gain = 614.965
---------------------------------------------------------------------------------
---------------------------------------------------------------------------------
Start Handling Custom Attributes
---------------------------------------------------------------------------------
---------------------------------------------------------------------------------
Finished Handling Custom Attributes : Time (s): cpu = 00:00:46 ; elapsed = 00:00:48 . Memory (MB): peak = 1563.637 ; gain = 614.965
---------------------------------------------------------------------------------
---------------------------------------------------------------------------------
Start Renaming Generated Nets
---------------------------------------------------------------------------------
---------------------------------------------------------------------------------
Finished Renaming Generated Nets : Time (s): cpu = 00:00:46 ; elapsed = 00:00:48 . Memory (MB): peak = 1563.637 ; gain = 614.965
---------------------------------------------------------------------------------
---------------------------------------------------------------------------------
Start Writing Synthesis Report
---------------------------------------------------------------------------------

Report BlackBoxes: 
+------+--------------+----------+
|      |BlackBox name |Instances |
+------+--------------+----------+
|1     |ila_0         |         1|
+------+--------------+----------+

Report Cell Usage: 
+------+-------+------+
|      |Cell   |Count |
+------+-------+------+
|1     |ila    |     1|
|2     |BUFG   |     1|
|3     |CARRY4 |    55|
|4     |LUT1   |    10|
|5     |LUT2   |   155|
|6     |LUT3   |    77|
|7     |LUT4   |    35|
|8     |LUT5   |    87|
|9     |LUT6   |    73|
|10    |MUXF7  |     4|
|11    |FDCE   |   296|
|12    |FDPE   |     8|
|13    |FDRE   |    35|
|14    |IBUF   |     5|
|15    |OBUF   |    16|
+------+-------+------+
---------------------------------------------------------------------------------
Finished Writing Synthesis Report : Time (s): cpu = 00:00:46 ; elapsed = 00:00:48 . Memory (MB): peak = 1563.637 ; gain = 614.965
---------------------------------------------------------------------------------
Synthesis finished with 0 errors, 0 critical warnings and 1 warnings.
Synthesis Optimization Runtime : Time (s): cpu = 00:00:33 ; elapsed = 00:00:45 . Memory (MB): peak = 1563.637 ; gain = 567.664
Synthesis Optimization Complete : Time (s): cpu = 00:00:46 ; elapsed = 00:00:48 . Memory (MB): peak = 1563.637 ; gain = 614.965
INFO: [Project 1-571] Translating synthesized netlist
Netlist sorting complete. Time (s): cpu = 00:00:00 ; elapsed = 00:00:00.013 . Memory (MB): peak = 1563.637 ; gain = 0.000
INFO: [Netlist 29-17] Analyzing 59 Unisim elements for replacement
INFO: [Netlist 29-28] Unisim Transformation completed in 0 CPU seconds
INFO: [Project 1-570] Preparing netlist for logic optimization
INFO: [Opt 31-138] Pushed 0 inverter(s) to 0 load pin(s).
Netlist sorting complete. Time (s): cpu = 00:00:00 ; elapsed = 00:00:00 . Memory (MB): peak = 1563.637 ; gain = 0.000
INFO: [Project 1-111] Unisim Transformation Summary:
No Unisim elements were transformed.

Synth Design complete | Checksum: 6304d4a4
INFO: [Common 17-83] Releasing license: Synthesis
54 Infos, 1 Warnings, 0 Critical Warnings and 0 Errors encountered.
synth_design completed successfully
synth_design: Time (s): cpu = 00:00:54 ; elapsed = 00:00:58 . Memory (MB): peak = 1563.637 ; gain = 1024.547
Write ShapeDB Complete: Time (s): cpu = 00:00:00 ; elapsed = 00:00:00.003 . Memory (MB): peak = 1563.637 ; gain = 0.000
INFO: [Common 17-1381] The checkpoint 'C:/Users/USER/Documents/contador_decimal/contador_decimal.runs/synth_1/top.dcp' has been generated.
INFO: [Vivado 12-24828] Executing command : report_utilization -file top_utilization_synth.rpt -pb top_utilization_synth.pb
INFO: [Common 17-206] Exiting Vivado at Thu Sep 12 18:27:15 2024...
